<?xml version="1.0" encoding="UTF-8"?>
<!-- Generated by org.testng.reporters.JUnitReportReporter -->
<testsuite skipped="0" hostname="Ty-Deepak-Tr" name="pac1.UnitTest" tests="1" failures="0" timestamp="2021-03-03T00:09:34 IST" time="0.337" errors="0">
  <testcase name="deleteProject" time="0.337" classname="pac1.UnitTest"/>
  <system-out/>
</testsuite> <!-- pac1.UnitTest -->
